<?xml version="1.0" encoding="UTF-8"?>
<testsuite xmlns:xsi="http://www.w3.org/2001/XMLSchema-instance" xsi:noNamespaceSchemaLocation="https://maven.apache.org/surefire/maven-surefire-plugin/xsd/surefire-test-report.xsd" version="3.0.2" name="TestSuite" time="11.581" tests="24" errors="0" skipped="23" failures="1">
  <properties>
[...]
</properties>
  <testcase name="startDriver[chrome](0)" classname="tests.UserRegistrationTest" time="10.254">
    <failure message="Could not start a new session. Response code 500. Message: session not created: This version of ChromeDriver only supports Chrome version 138&#10;Current browser version is 141.0.7390.123 with binary path C:\Program Files\Google\Chrome\Application\chrome.exe &#10;Host info: host: &apos;DESKTOP-6QE4MS0&apos;, ip: &apos;192.168.100.16&apos;&#10;Build info: version: &apos;4.37.0&apos;, revision: &apos;3c1da1e342&apos;&#10;System info: os.name: &apos;Windows 11&apos;, os.arch: &apos;amd64&apos;, os.version: &apos;10.0&apos;, java.version: &apos;24.0.2&apos;&#10;Driver info: org.openqa.selenium.chrome.ChromeDriver&#10;Command: [null, newSession {capabilities=[Capabilities {browserName: chrome, goog:chromeOptions: {args: [--user-data-dir=D:\Eclipse_..., --disable-blink-features=Au..., --no-sandbox, --disable-dev-shm-usage, --disable-gpu], excludeSwitches: [enable-automation], extensions: [], prefs: {autofill.profile_enabled: false}, useAutomationExtension: false}}]}]" type="org.openqa.selenium.SessionNotCreatedException"><![CDATA[org.openqa.selenium.SessionNotCreatedException: 
Could not start a new session. Response code 500. Message: session not created: This version of ChromeDriver only supports Chrome version 138
Current browser version is 141.0.7390.123 with binary path C:\Program Files\Google\Chrome\Application\chrome.exe 
Host info: host: 'DESKTOP-6QE4MS0', ip: '192.168.100.16'
Build info: version: '4.37.0', revision: '3c1da1e342'
System info: os.name: 'Windows 11', os.arch: 'amd64', os.version: '10.0', java.version: '24.0.2'
Driver info: org.openqa.selenium.chrome.ChromeDriver
Command: [null, newSession {capabilities=[Capabilities {browserName: chrome, goog:chromeOptions: {args: [--user-data-dir=D:\Eclipse_..., --disable-blink-features=Au..., --no-sandbox, --disable-dev-shm-usage, --disable-gpu], excludeSwitches: [enable-automation], extensions: [], prefs: {autofill.profile_enabled: false}, useAutomationExtension: false}}]}]
	at org.openqa.selenium.remote.ProtocolHandshake.createSession(ProtocolHandshake.java:114)
	at org.openqa.selenium.remote.ProtocolHandshake.createSession(ProtocolHandshake.java:75)
	at org.openqa.selenium.remote.ProtocolHandshake.createSession(ProtocolHandshake.java:61)
	at org.openqa.selenium.remote.HttpCommandExecutor.execute(HttpCommandExecutor.java:187)
	at org.openqa.selenium.remote.service.DriverCommandExecutor.invokeExecute(DriverCommandExecutor.java:216)
	at org.openqa.selenium.remote.service.DriverCommandExecutor.execute(DriverCommandExecutor.java:174)
	at org.openqa.selenium.remote.RemoteWebDriver.execute(RemoteWebDriver.java:557)
	at org.openqa.selenium.remote.RemoteWebDriver.startSession(RemoteWebDriver.java:246)
	at org.openqa.selenium.remote.RemoteWebDriver.<init>(RemoteWebDriver.java:174)
	at org.openqa.selenium.chromium.ChromiumDriver.<init>(ChromiumDriver.java:99)
	at org.openqa.selenium.chrome.ChromeDriver.<init>(ChromeDriver.java:88)
	at org.openqa.selenium.chrome.ChromeDriver.<init>(ChromeDriver.java:83)
	at tests.TestBase.startDriver(TestBase.java:77)
	at java.base/jdk.internal.reflect.DirectMethodHandleAccessor.invoke(DirectMethodHandleAccessor.java:104)
	at java.base/java.lang.reflect.Method.invoke(Method.java:565)
	at org.testng.internal.invokers.MethodInvocationHelper.invokeMethod(MethodInvocationHelper.java:141)
	at org.testng.internal.invokers.MethodInvocationHelper.invokeMethodConsideringTimeout(MethodInvocationHelper.java:71)
	at org.testng.internal.invokers.ConfigInvoker.invokeConfigurationMethod(ConfigInvoker.java:400)
	at org.testng.internal.invokers.ConfigInvoker.invokeConfigurations(ConfigInvoker.java:333)
	at org.testng.SuiteRunner.privateRun(SuiteRunner.java:358)
	at org.testng.SuiteRunner.run(SuiteRunner.java:312)
	at org.testng.SuiteRunnerWorker.runSuite(SuiteRunnerWorker.java:52)
	at org.testng.SuiteRunnerWorker.run(SuiteRunnerWorker.java:95)
	at org.testng.TestNG.runSuitesSequentially(TestNG.java:1274)
	at org.testng.TestNG.runSuitesLocally(TestNG.java:1208)
	at org.testng.TestNG.runSuites(TestNG.java:1112)
	at org.testng.TestNG.run(TestNG.java:1079)
	at org.apache.maven.surefire.testng.TestNGExecutor.run(TestNGExecutor.java:308)
	at org.apache.maven.surefire.testng.TestNGXmlTestSuite.execute(TestNGXmlTestSuite.java:71)
	at org.apache.maven.surefire.testng.TestNGProvider.invoke(TestNGProvider.java:113)
	at org.apache.maven.surefire.booter.ForkedBooter.runSuitesInProcess(ForkedBooter.java:385)
	at org.apache.maven.surefire.booter.ForkedBooter.execute(ForkedBooter.java:162)
	at org.apache.maven.surefire.booter.ForkedBooter.run(ForkedBooter.java:507)
	at org.apache.maven.surefire.booter.ForkedBooter.main(ForkedBooter.java:495)
]]></failure>
    <system-err><![CDATA[SLF4J(W): No SLF4J providers were found.
SLF4J(W): Defaulting to no-operation (NOP) logger implementation
SLF4J(W): See https://www.slf4j.org/codes.html#noProviders for further details.
]]></system-err>
  </testcase>
  <testcase name="registerUserSuccessfully" classname="tests.UserRegistrationTest" time="0.0">
    <skipped message="Could not start a new session. Response code 500. Message: session not created: This version of ChromeDriver only supports Chrome version 138&#10;Current browser version is 141.0.7390.123 with binary path C:\Program Files\Google\Chrome\Application\chrome.exe &#10;Host info: host: &apos;DESKTOP-6QE4MS0&apos;, ip: &apos;192.168.100.16&apos;&#10;Build info: version: &apos;4.37.0&apos;, revision: &apos;3c1da1e342&apos;&#10;System info: os.name: &apos;Windows 11&apos;, os.arch: &apos;amd64&apos;, os.version: &apos;10.0&apos;, java.version: &apos;24.0.2&apos;&#10;Driver info: org.openqa.selenium.chrome.ChromeDriver&#10;Command: [null, newSession {capabilities=[Capabilities {browserName: chrome, goog:chromeOptions: {args: [--user-data-dir=D:\Eclipse_..., --disable-blink-features=Au..., --no-sandbox, --disable-dev-shm-usage, --disable-gpu], excludeSwitches: [enable-automation], extensions: [], prefs: {autofill.profile_enabled: false}, useAutomationExtension: false}}]}]"/>
  </testcase>
  <testcase name="registeredUserCanLogOut" classname="tests.UserRegistrationTest" time="0.0">
    <skipped message="Method tests.UserRegistrationTest.registeredUserCanLogOut() on instance tests.UserRegistrationTest@5ae50ce6 depends on not successfully finished methods &#10;[tests.UserRegistrationTest.registerUserSuccessfully() on instance tests.UserRegistrationTest@5ae50ce6]"/>
  </testcase>
  <testcase name="registeredUserCanlogin" classname="tests.UserRegistrationTest" time="0.0">
    <skipped message="Method tests.UserRegistrationTest.registeredUserCanlogin() on instance tests.UserRegistrationTest@5ae50ce6 depends on not successfully finished methods &#10;[tests.UserRegistrationTest.registeredUserCanLogOut() on instance tests.UserRegistrationTest@5ae50ce6]"/>
  </testcase>
  <testcase name="contactUsPageTest" classname="tests.ContactsUsTest" time="0.0">
    <skipped message="Could not start a new session. Response code 500. Message: session not created: This version of ChromeDriver only supports Chrome version 138&#10;Current browser version is 141.0.7390.123 with binary path C:\Program Files\Google\Chrome\Application\chrome.exe &#10;Host info: host: &apos;DESKTOP-6QE4MS0&apos;, ip: &apos;192.168.100.16&apos;&#10;Build info: version: &apos;4.37.0&apos;, revision: &apos;3c1da1e342&apos;&#10;System info: os.name: &apos;Windows 11&apos;, os.arch: &apos;amd64&apos;, os.version: &apos;10.0&apos;, java.version: &apos;24.0.2&apos;&#10;Driver info: org.openqa.selenium.chrome.ChromeDriver&#10;Command: [null, newSession {capabilities=[Capabilities {browserName: chrome, goog:chromeOptions: {args: [--user-data-dir=D:\Eclipse_..., --disable-blink-features=Au..., --no-sandbox, --disable-dev-shm-usage, --disable-gpu], excludeSwitches: [enable-automation], extensions: [], prefs: {autofill.profile_enabled: false}, useAutomationExtension: false}}]}]"/>
  </testcase>
  <testcase name="productHoverMenuTest" classname="tests.ProductHoverMenuTest" time="0.0">
    <skipped message="Could not start a new session. Response code 500. Message: session not created: This version of ChromeDriver only supports Chrome version 138&#10;Current browser version is 141.0.7390.123 with binary path C:\Program Files\Google\Chrome\Application\chrome.exe &#10;Host info: host: &apos;DESKTOP-6QE4MS0&apos;, ip: &apos;192.168.100.16&apos;&#10;Build info: version: &apos;4.37.0&apos;, revision: &apos;3c1da1e342&apos;&#10;System info: os.name: &apos;Windows 11&apos;, os.arch: &apos;amd64&apos;, os.version: &apos;10.0&apos;, java.version: &apos;24.0.2&apos;&#10;Driver info: org.openqa.selenium.chrome.ChromeDriver&#10;Command: [null, newSession {capabilities=[Capabilities {browserName: chrome, goog:chromeOptions: {args: [--user-data-dir=D:\Eclipse_..., --disable-blink-features=Au..., --no-sandbox, --disable-dev-shm-usage, --disable-gpu], excludeSwitches: [enable-automation], extensions: [], prefs: {autofill.profile_enabled: false}, useAutomationExtension: false}}]}]"/>
  </testcase>
  <testcase name="registerUserSuccessfully" classname="tests.MyAccountTest" time="0.0">
    <skipped message="Could not start a new session. Response code 500. Message: session not created: This version of ChromeDriver only supports Chrome version 138&#10;Current browser version is 141.0.7390.123 with binary path C:\Program Files\Google\Chrome\Application\chrome.exe &#10;Host info: host: &apos;DESKTOP-6QE4MS0&apos;, ip: &apos;192.168.100.16&apos;&#10;Build info: version: &apos;4.37.0&apos;, revision: &apos;3c1da1e342&apos;&#10;System info: os.name: &apos;Windows 11&apos;, os.arch: &apos;amd64&apos;, os.version: &apos;10.0&apos;, java.version: &apos;24.0.2&apos;&#10;Driver info: org.openqa.selenium.chrome.ChromeDriver&#10;Command: [null, newSession {capabilities=[Capabilities {browserName: chrome, goog:chromeOptions: {args: [--user-data-dir=D:\Eclipse_..., --disable-blink-features=Au..., --no-sandbox, --disable-dev-shm-usage, --disable-gpu], excludeSwitches: [enable-automation], extensions: [], prefs: {autofill.profile_enabled: false}, useAutomationExtension: false}}]}]"/>
  </testcase>
  <testcase name="registeredUserCanChangePass" classname="tests.MyAccountTest" time="0.0">
    <skipped message="Method tests.MyAccountTest.registeredUserCanChangePass() on instance tests.MyAccountTest@3c419631 depends on not successfully finished methods &#10;[tests.MyAccountTest.registerUserSuccessfully() on instance tests.MyAccountTest@3c419631]"/>
  </testcase>
  <testcase name="registeredUserCanLogOut" classname="tests.MyAccountTest" time="0.0">
    <skipped message="Method tests.MyAccountTest.registeredUserCanLogOut() on instance tests.MyAccountTest@3c419631 depends on not successfully finished methods &#10;[tests.MyAccountTest.registeredUserCanChangePass() on instance tests.MyAccountTest@3c419631]"/>
  </testcase>
  <testcase name="registeredUserCanlogin" classname="tests.MyAccountTest" time="0.0">
    <skipped message="Method tests.MyAccountTest.registeredUserCanlogin() on instance tests.MyAccountTest@3c419631 depends on not successfully finished methods &#10;[tests.MyAccountTest.registeredUserCanLogOut() on instance tests.MyAccountTest@3c419631]"/>
  </testcase>
  <testcase name="registerUserSuccessfully" classname="tests.RegisteredUserCheckOutProduct" time="0.0">
    <skipped message="Could not start a new session. Response code 500. Message: session not created: This version of ChromeDriver only supports Chrome version 138&#10;Current browser version is 141.0.7390.123 with binary path C:\Program Files\Google\Chrome\Application\chrome.exe &#10;Host info: host: &apos;DESKTOP-6QE4MS0&apos;, ip: &apos;192.168.100.16&apos;&#10;Build info: version: &apos;4.37.0&apos;, revision: &apos;3c1da1e342&apos;&#10;System info: os.name: &apos;Windows 11&apos;, os.arch: &apos;amd64&apos;, os.version: &apos;10.0&apos;, java.version: &apos;24.0.2&apos;&#10;Driver info: org.openqa.selenium.chrome.ChromeDriver&#10;Command: [null, newSession {capabilities=[Capabilities {browserName: chrome, goog:chromeOptions: {args: [--user-data-dir=D:\Eclipse_..., --disable-blink-features=Au..., --no-sandbox, --disable-dev-shm-usage, --disable-gpu], excludeSwitches: [enable-automation], extensions: [], prefs: {autofill.profile_enabled: false}, useAutomationExtension: false}}]}]"/>
  </testcase>
  <testcase name="userCanSearchProductAutoSuggestTest" classname="tests.RegisteredUserCheckOutProduct" time="0.0">
    <skipped message="Could not start a new session. Response code 500. Message: session not created: This version of ChromeDriver only supports Chrome version 138&#10;Current browser version is 141.0.7390.123 with binary path C:\Program Files\Google\Chrome\Application\chrome.exe &#10;Host info: host: &apos;DESKTOP-6QE4MS0&apos;, ip: &apos;192.168.100.16&apos;&#10;Build info: version: &apos;4.37.0&apos;, revision: &apos;3c1da1e342&apos;&#10;System info: os.name: &apos;Windows 11&apos;, os.arch: &apos;amd64&apos;, os.version: &apos;10.0&apos;, java.version: &apos;24.0.2&apos;&#10;Driver info: org.openqa.selenium.chrome.ChromeDriver&#10;Command: [null, newSession {capabilities=[Capabilities {browserName: chrome, goog:chromeOptions: {args: [--user-data-dir=D:\Eclipse_..., --disable-blink-features=Au..., --no-sandbox, --disable-dev-shm-usage, --disable-gpu], excludeSwitches: [enable-automation], extensions: [], prefs: {autofill.profile_enabled: false}, useAutomationExtension: false}}]}]"/>
  </testcase>
  <testcase name="userCanAddProductToCart" classname="tests.RegisteredUserCheckOutProduct" time="0.0">
    <skipped message="Could not start a new session. Response code 500. Message: session not created: This version of ChromeDriver only supports Chrome version 138&#10;Current browser version is 141.0.7390.123 with binary path C:\Program Files\Google\Chrome\Application\chrome.exe &#10;Host info: host: &apos;DESKTOP-6QE4MS0&apos;, ip: &apos;192.168.100.16&apos;&#10;Build info: version: &apos;4.37.0&apos;, revision: &apos;3c1da1e342&apos;&#10;System info: os.name: &apos;Windows 11&apos;, os.arch: &apos;amd64&apos;, os.version: &apos;10.0&apos;, java.version: &apos;24.0.2&apos;&#10;Driver info: org.openqa.selenium.chrome.ChromeDriver&#10;Command: [null, newSession {capabilities=[Capabilities {browserName: chrome, goog:chromeOptions: {args: [--user-data-dir=D:\Eclipse_..., --disable-blink-features=Au..., --no-sandbox, --disable-dev-shm-usage, --disable-gpu], excludeSwitches: [enable-automation], extensions: [], prefs: {autofill.profile_enabled: false}, useAutomationExtension: false}}]}]"/>
  </testcase>
  <testcase name="userCanCheckOutProduct" classname="tests.RegisteredUserCheckOutProduct" time="0.0">
    <skipped message="Could not start a new session. Response code 500. Message: session not created: This version of ChromeDriver only supports Chrome version 138&#10;Current browser version is 141.0.7390.123 with binary path C:\Program Files\Google\Chrome\Application\chrome.exe &#10;Host info: host: &apos;DESKTOP-6QE4MS0&apos;, ip: &apos;192.168.100.16&apos;&#10;Build info: version: &apos;4.37.0&apos;, revision: &apos;3c1da1e342&apos;&#10;System info: os.name: &apos;Windows 11&apos;, os.arch: &apos;amd64&apos;, os.version: &apos;10.0&apos;, java.version: &apos;24.0.2&apos;&#10;Driver info: org.openqa.selenium.chrome.ChromeDriver&#10;Command: [null, newSession {capabilities=[Capabilities {browserName: chrome, goog:chromeOptions: {args: [--user-data-dir=D:\Eclipse_..., --disable-blink-features=Au..., --no-sandbox, --disable-dev-shm-usage, --disable-gpu], excludeSwitches: [enable-automation], extensions: [], prefs: {autofill.profile_enabled: false}, useAutomationExtension: false}}]}]"/>
  </testcase>
  <testcase name="registeredUserCanLogOut" classname="tests.RegisteredUserCheckOutProduct" time="0.0">
    <skipped message="Could not start a new session. Response code 500. Message: session not created: This version of ChromeDriver only supports Chrome version 138&#10;Current browser version is 141.0.7390.123 with binary path C:\Program Files\Google\Chrome\Application\chrome.exe &#10;Host info: host: &apos;DESKTOP-6QE4MS0&apos;, ip: &apos;192.168.100.16&apos;&#10;Build info: version: &apos;4.37.0&apos;, revision: &apos;3c1da1e342&apos;&#10;System info: os.name: &apos;Windows 11&apos;, os.arch: &apos;amd64&apos;, os.version: &apos;10.0&apos;, java.version: &apos;24.0.2&apos;&#10;Driver info: org.openqa.selenium.chrome.ChromeDriver&#10;Command: [null, newSession {capabilities=[Capabilities {browserName: chrome, goog:chromeOptions: {args: [--user-data-dir=D:\Eclipse_..., --disable-blink-features=Au..., --no-sandbox, --disable-dev-shm-usage, --disable-gpu], excludeSwitches: [enable-automation], extensions: [], prefs: {autofill.profile_enabled: false}, useAutomationExtension: false}}]}]"/>
  </testcase>
  <testcase name="userCanChangeCurrency" classname="tests.ChangeCurrencyTest" time="0.0">
    <skipped message="Could not start a new session. Response code 500. Message: session not created: This version of ChromeDriver only supports Chrome version 138&#10;Current browser version is 141.0.7390.123 with binary path C:\Program Files\Google\Chrome\Application\chrome.exe &#10;Host info: host: &apos;DESKTOP-6QE4MS0&apos;, ip: &apos;192.168.100.16&apos;&#10;Build info: version: &apos;4.37.0&apos;, revision: &apos;3c1da1e342&apos;&#10;System info: os.name: &apos;Windows 11&apos;, os.arch: &apos;amd64&apos;, os.version: &apos;10.0&apos;, java.version: &apos;24.0.2&apos;&#10;Driver info: org.openqa.selenium.chrome.ChromeDriver&#10;Command: [null, newSession {capabilities=[Capabilities {browserName: chrome, goog:chromeOptions: {args: [--user-data-dir=D:\Eclipse_..., --disable-blink-features=Au..., --no-sandbox, --disable-dev-shm-usage, --disable-gpu], excludeSwitches: [enable-automation], extensions: [], prefs: {autofill.profile_enabled: false}, useAutomationExtension: false}}]}]"/>
  </testcase>
  <testcase name="userCanSearchProductAutoSuggestTest" classname="tests.ChangeCurrencyTest" time="0.0">
    <skipped message="Could not start a new session. Response code 500. Message: session not created: This version of ChromeDriver only supports Chrome version 138&#10;Current browser version is 141.0.7390.123 with binary path C:\Program Files\Google\Chrome\Application\chrome.exe &#10;Host info: host: &apos;DESKTOP-6QE4MS0&apos;, ip: &apos;192.168.100.16&apos;&#10;Build info: version: &apos;4.37.0&apos;, revision: &apos;3c1da1e342&apos;&#10;System info: os.name: &apos;Windows 11&apos;, os.arch: &apos;amd64&apos;, os.version: &apos;10.0&apos;, java.version: &apos;24.0.2&apos;&#10;Driver info: org.openqa.selenium.chrome.ChromeDriver&#10;Command: [null, newSession {capabilities=[Capabilities {browserName: chrome, goog:chromeOptions: {args: [--user-data-dir=D:\Eclipse_..., --disable-blink-features=Au..., --no-sandbox, --disable-dev-shm-usage, --disable-gpu], excludeSwitches: [enable-automation], extensions: [], prefs: {autofill.profile_enabled: false}, useAutomationExtension: false}}]}]"/>
  </testcase>
  <testcase name="userCanCompareProductTest" classname="tests.AddProductToCompare" time="0.0">
    <skipped message="Could not start a new session. Response code 500. Message: session not created: This version of ChromeDriver only supports Chrome version 138&#10;Current browser version is 141.0.7390.123 with binary path C:\Program Files\Google\Chrome\Application\chrome.exe &#10;Host info: host: &apos;DESKTOP-6QE4MS0&apos;, ip: &apos;192.168.100.16&apos;&#10;Build info: version: &apos;4.37.0&apos;, revision: &apos;3c1da1e342&apos;&#10;System info: os.name: &apos;Windows 11&apos;, os.arch: &apos;amd64&apos;, os.version: &apos;10.0&apos;, java.version: &apos;24.0.2&apos;&#10;Driver info: org.openqa.selenium.chrome.ChromeDriver&#10;Command: [null, newSession {capabilities=[Capabilities {browserName: chrome, goog:chromeOptions: {args: [--user-data-dir=D:\Eclipse_..., --disable-blink-features=Au..., --no-sandbox, --disable-dev-shm-usage, --disable-gpu], excludeSwitches: [enable-automation], extensions: [], prefs: {autofill.profile_enabled: false}, useAutomationExtension: false}}]}]"/>
  </testcase>
  <testcase name="userCanClearCompareList" classname="tests.AddProductToCompare" time="0.0">
    <skipped message="Could not start a new session. Response code 500. Message: session not created: This version of ChromeDriver only supports Chrome version 138&#10;Current browser version is 141.0.7390.123 with binary path C:\Program Files\Google\Chrome\Application\chrome.exe &#10;Host info: host: &apos;DESKTOP-6QE4MS0&apos;, ip: &apos;192.168.100.16&apos;&#10;Build info: version: &apos;4.37.0&apos;, revision: &apos;3c1da1e342&apos;&#10;System info: os.name: &apos;Windows 11&apos;, os.arch: &apos;amd64&apos;, os.version: &apos;10.0&apos;, java.version: &apos;24.0.2&apos;&#10;Driver info: org.openqa.selenium.chrome.ChromeDriver&#10;Command: [null, newSession {capabilities=[Capabilities {browserName: chrome, goog:chromeOptions: {args: [--user-data-dir=D:\Eclipse_..., --disable-blink-features=Au..., --no-sandbox, --disable-dev-shm-usage, --disable-gpu], excludeSwitches: [enable-automation], extensions: [], prefs: {autofill.profile_enabled: false}, useAutomationExtension: false}}]}]"/>
  </testcase>
  <testcase name="userCanSearchProductAutoSuggestTest" classname="tests.AddProductToShoppingCart" time="0.0">
    <skipped message="Could not start a new session. Response code 500. Message: session not created: This version of ChromeDriver only supports Chrome version 138&#10;Current browser version is 141.0.7390.123 with binary path C:\Program Files\Google\Chrome\Application\chrome.exe &#10;Host info: host: &apos;DESKTOP-6QE4MS0&apos;, ip: &apos;192.168.100.16&apos;&#10;Build info: version: &apos;4.37.0&apos;, revision: &apos;3c1da1e342&apos;&#10;System info: os.name: &apos;Windows 11&apos;, os.arch: &apos;amd64&apos;, os.version: &apos;10.0&apos;, java.version: &apos;24.0.2&apos;&#10;Driver info: org.openqa.selenium.chrome.ChromeDriver&#10;Command: [null, newSession {capabilities=[Capabilities {browserName: chrome, goog:chromeOptions: {args: [--user-data-dir=D:\Eclipse_..., --disable-blink-features=Au..., --no-sandbox, --disable-dev-shm-usage, --disable-gpu], excludeSwitches: [enable-automation], extensions: [], prefs: {autofill.profile_enabled: false}, useAutomationExtension: false}}]}]"/>
  </testcase>
  <testcase name="userCanAddProductToCart" classname="tests.AddProductToShoppingCart" time="0.0">
    <skipped message="Could not start a new session. Response code 500. Message: session not created: This version of ChromeDriver only supports Chrome version 138&#10;Current browser version is 141.0.7390.123 with binary path C:\Program Files\Google\Chrome\Application\chrome.exe &#10;Host info: host: &apos;DESKTOP-6QE4MS0&apos;, ip: &apos;192.168.100.16&apos;&#10;Build info: version: &apos;4.37.0&apos;, revision: &apos;3c1da1e342&apos;&#10;System info: os.name: &apos;Windows 11&apos;, os.arch: &apos;amd64&apos;, os.version: &apos;10.0&apos;, java.version: &apos;24.0.2&apos;&#10;Driver info: org.openqa.selenium.chrome.ChromeDriver&#10;Command: [null, newSession {capabilities=[Capabilities {browserName: chrome, goog:chromeOptions: {args: [--user-data-dir=D:\Eclipse_..., --disable-blink-features=Au..., --no-sandbox, --disable-dev-shm-usage, --disable-gpu], excludeSwitches: [enable-automation], extensions: [], prefs: {autofill.profile_enabled: false}, useAutomationExtension: false}}]}]"/>
  </testcase>
  <testcase name="userCanRemoveProductFromCart" classname="tests.AddProductToShoppingCart" time="0.0">
    <skipped message="Could not start a new session. Response code 500. Message: session not created: This version of ChromeDriver only supports Chrome version 138&#10;Current browser version is 141.0.7390.123 with binary path C:\Program Files\Google\Chrome\Application\chrome.exe &#10;Host info: host: &apos;DESKTOP-6QE4MS0&apos;, ip: &apos;192.168.100.16&apos;&#10;Build info: version: &apos;4.37.0&apos;, revision: &apos;3c1da1e342&apos;&#10;System info: os.name: &apos;Windows 11&apos;, os.arch: &apos;amd64&apos;, os.version: &apos;10.0&apos;, java.version: &apos;24.0.2&apos;&#10;Driver info: org.openqa.selenium.chrome.ChromeDriver&#10;Command: [null, newSession {capabilities=[Capabilities {browserName: chrome, goog:chromeOptions: {args: [--user-data-dir=D:\Eclipse_..., --disable-blink-features=Au..., --no-sandbox, --disable-dev-shm-usage, --disable-gpu], excludeSwitches: [enable-automation], extensions: [], prefs: {autofill.profile_enabled: false}, useAutomationExtension: false}}]}]"/>
  </testcase>
  <testcase name="userCanSearchProductAutoSuggestTest" classname="tests.SearchProductTest" time="0.0">
    <skipped message="Could not start a new session. Response code 500. Message: session not created: This version of ChromeDriver only supports Chrome version 138&#10;Current browser version is 141.0.7390.123 with binary path C:\Program Files\Google\Chrome\Application\chrome.exe &#10;Host info: host: &apos;DESKTOP-6QE4MS0&apos;, ip: &apos;192.168.100.16&apos;&#10;Build info: version: &apos;4.37.0&apos;, revision: &apos;3c1da1e342&apos;&#10;System info: os.name: &apos;Windows 11&apos;, os.arch: &apos;amd64&apos;, os.version: &apos;10.0&apos;, java.version: &apos;24.0.2&apos;&#10;Driver info: org.openqa.selenium.chrome.ChromeDriver&#10;Command: [null, newSession {capabilities=[Capabilities {browserName: chrome, goog:chromeOptions: {args: [--user-data-dir=D:\Eclipse_..., --disable-blink-features=Au..., --no-sandbox, --disable-dev-shm-usage, --disable-gpu], excludeSwitches: [enable-automation], extensions: [], prefs: {autofill.profile_enabled: false}, useAutomationExtension: false}}]}]"/>
  </testcase>
  <testcase name="userCanSearchProductTest" classname="tests.SearchProductTest" time="0.0">
    <skipped message="Could not start a new session. Response code 500. Message: session not created: This version of ChromeDriver only supports Chrome version 138&#10;Current browser version is 141.0.7390.123 with binary path C:\Program Files\Google\Chrome\Application\chrome.exe &#10;Host info: host: &apos;DESKTOP-6QE4MS0&apos;, ip: &apos;192.168.100.16&apos;&#10;Build info: version: &apos;4.37.0&apos;, revision: &apos;3c1da1e342&apos;&#10;System info: os.name: &apos;Windows 11&apos;, os.arch: &apos;amd64&apos;, os.version: &apos;10.0&apos;, java.version: &apos;24.0.2&apos;&#10;Driver info: org.openqa.selenium.chrome.ChromeDriver&#10;Command: [null, newSession {capabilities=[Capabilities {browserName: chrome, goog:chromeOptions: {args: [--user-data-dir=D:\Eclipse_..., --disable-blink-features=Au..., --no-sandbox, --disable-dev-shm-usage, --disable-gpu], excludeSwitches: [enable-automation], extensions: [], prefs: {autofill.profile_enabled: false}, useAutomationExtension: false}}]}]"/>
  </testcase>
</testsuite>