<?xml version="1.0" encoding="UTF-8"?>
<!-- Generated by org.testng.reporters.JUnitReportReporter -->
<testsuite hostname="DESKTOP-6QE4MS0" failures="0" tests="5" name="tests.RegisteredUserCheckOutProduct" time="0.000" errors="0" timestamp="2025-10-29T02:00:20 EEST" skipped="5">
  <testcase classname="tests.RegisteredUserCheckOutProduct" name="registerUserSuccessfully" time="0.000">
    <skipped/>
  </testcase> <!-- registerUserSuccessfully -->
  <testcase classname="tests.RegisteredUserCheckOutProduct" name="userCanSearchProductAutoSuggestTest" time="0.000">
    <skipped/>
  </testcase> <!-- userCanSearchProductAutoSuggestTest -->
  <testcase classname="tests.RegisteredUserCheckOutProduct" name="userCanAddProductToCart" time="0.000">
    <skipped/>
  </testcase> <!-- userCanAddProductToCart -->
  <testcase classname="tests.RegisteredUserCheckOutProduct" name="userCanCheckOutProduct" time="0.000">
    <skipped/>
  </testcase> <!-- userCanCheckOutProduct -->
  <testcase classname="tests.RegisteredUserCheckOutProduct" name="registeredUserCanLogOut" time="0.000">
    <skipped/>
  </testcase> <!-- registeredUserCanLogOut -->
</testsuite> <!-- tests.RegisteredUserCheckOutProduct -->
