<?xml version="1.0" encoding="UTF-8"?>
<!-- Generated by org.testng.reporters.JUnitReportReporter -->
<testsuite hostname="DESKTOP-6QE4MS0" failures="0" tests="2" name="tests.AddProductToCompare" time="0.000" errors="0" timestamp="2025-10-29T02:00:20 EEST" skipped="2">
  <testcase classname="tests.AddProductToCompare" name="userCanCompareProductTest" time="0.000">
    <skipped/>
  </testcase> <!-- userCanCompareProductTest -->
  <testcase classname="tests.AddProductToCompare" name="userCanClearCompareList" time="0.000">
    <skipped/>
  </testcase> <!-- userCanClearCompareList -->
</testsuite> <!-- tests.AddProductToCompare -->
