<?xml version="1.0" encoding="UTF-8"?>
<!-- Generated by org.testng.reporters.JUnitReportReporter -->
<testsuite hostname="DESKTOP-6QE4MS0" failures="0" tests="2" name="tests.ChangeCurrencyTest" time="0.000" errors="0" timestamp="2025-10-29T02:00:20 EEST" skipped="2">
  <testcase classname="tests.ChangeCurrencyTest" name="userCanChangeCurrency" time="0.000">
    <skipped/>
  </testcase> <!-- userCanChangeCurrency -->
  <testcase classname="tests.ChangeCurrencyTest" name="userCanSearchProductAutoSuggestTest" time="0.000">
    <skipped/>
  </testcase> <!-- userCanSearchProductAutoSuggestTest -->
</testsuite> <!-- tests.ChangeCurrencyTest -->
