<?xml version="1.0" encoding="UTF-8"?>
<!-- Generated by org.testng.reporters.JUnitReportReporter -->
<testsuite hostname="DESKTOP-6QE4MS0" failures="0" tests="3" name="tests.AddProductToShoppingCart" time="0.000" errors="0" timestamp="2025-10-29T02:00:20 EEST" skipped="3">
  <testcase classname="tests.AddProductToShoppingCart" name="userCanSearchProductAutoSuggestTest" time="0.000">
    <skipped/>
  </testcase> <!-- userCanSearchProductAutoSuggestTest -->
  <testcase classname="tests.AddProductToShoppingCart" name="userCanAddProductToCart" time="0.000">
    <skipped/>
  </testcase> <!-- userCanAddProductToCart -->
  <testcase classname="tests.AddProductToShoppingCart" name="userCanRemoveProductFromCart" time="0.000">
    <skipped/>
  </testcase> <!-- userCanRemoveProductFromCart -->
</testsuite> <!-- tests.AddProductToShoppingCart -->
