<?xml version="1.0" encoding="UTF-8"?>
<!-- Generated by org.testng.reporters.JUnitReportReporter -->
<testsuite hostname="DESKTOP-6QE4MS0" failures="0" tests="2" name="tests.SearchProductTest" time="0.001" errors="0" timestamp="2025-10-29T02:00:20 EEST" skipped="2">
  <testcase classname="tests.SearchProductTest" name="userCanSearchProductAutoSuggestTest" time="0.000">
    <skipped/>
  </testcase> <!-- userCanSearchProductAutoSuggestTest -->
  <testcase classname="tests.SearchProductTest" name="userCanSearchProductTest" time="0.001">
    <skipped/>
  </testcase> <!-- userCanSearchProductTest -->
</testsuite> <!-- tests.SearchProductTest -->
