<?xml version="1.0" encoding="UTF-8"?>
<!-- Generated by org.testng.reporters.JUnitReportReporter -->
<testsuite hostname="DESKTOP-6QE4MS0" failures="0" tests="4" name="tests.MyAccountTest" time="0.002" errors="0" timestamp="2025-10-29T02:00:20 EEST" skipped="4">
  <testcase classname="tests.MyAccountTest" name="registeredUserCanLogOut" time="0.001">
    <skipped/>
  </testcase> <!-- registeredUserCanLogOut -->
  <testcase classname="tests.MyAccountTest" name="registeredUserCanlogin" time="0.001">
    <skipped/>
  </testcase> <!-- registeredUserCanlogin -->
  <testcase classname="tests.MyAccountTest" name="registeredUserCanChangePass" time="0.000">
    <skipped/>
  </testcase> <!-- registeredUserCanChangePass -->
  <testcase classname="tests.MyAccountTest" name="registerUserSuccessfully" time="0.000">
    <skipped/>
  </testcase> <!-- registerUserSuccessfully -->
</testsuite> <!-- tests.MyAccountTest -->
