<?xml version="1.0" encoding="UTF-8"?>
<!-- Generated by org.testng.reporters.JUnitXMLReporter -->
<testsuite ignored="8" hostname="DESKTOP-6QE4MS0" failures="0" tests="23" name="Regression Test" time="0.177" errors="0" timestamp="2025-10-29T02:00:19 EEST">
  <testcase classname="tests.TestBase" name="@BeforeSuite startDriver" time="8.04">
    <failure type="org.openqa.selenium.SessionNotCreatedException" message="Could not start a new session. Response code 500. Message: session not created: This version of ChromeDriver only supports Chrome version 138
Current browser version is 141.0.7390.123 with binary path C:\Program Files\Google\Chrome\Application\chrome.exe 
Host info: host: &amp;apos;DESKTOP-6QE4MS0&amp;apos;, ip: &amp;apos;192.168.100.16&amp;apos;
Build info: version: &amp;apos;4.37.0&amp;apos;, revision: &amp;apos;3c1da1e342&amp;apos;
System info: os.name: &amp;apos;Windows 11&amp;apos;, os.arch: &amp;apos;amd64&amp;apos;, os.version: &amp;apos;10.0&amp;apos;, java.version: &amp;apos;24.0.2&amp;apos;
Driver info: org.openqa.selenium.chrome.ChromeDriver
Command: [null, newSession {capabilities=[Capabilities {browserName: chrome, goog:chromeOptions: {args: [--user-data-dir=D:\Eclipse_..., --disable-blink-features=Au..., --no-sandbox, --disable-dev-shm-usage, --disable-gpu], excludeSwitches: [enable-automation], extensions: [], prefs: {autofill.profile_enabled: false}, useAutomationExtension: false}}]}]">
      <![CDATA[org.openqa.selenium.SessionNotCreatedException: Could not start a new session. Response code 500. Message: session not created: This version of ChromeDriver only supports Chrome version 138
Current browser version is 141.0.7390.123 with binary path C:\Program Files\Google\Chrome\Application\chrome.exe 
Host info: host: 'DESKTOP-6QE4MS0', ip: '192.168.100.16'
Build info: version: '4.37.0', revision: '3c1da1e342'
System info: os.name: 'Windows 11', os.arch: 'amd64', os.version: '10.0', java.version: '24.0.2'
Driver info: org.openqa.selenium.chrome.ChromeDriver
Command: [null, newSession {capabilities=[Capabilities {browserName: chrome, goog:chromeOptions: {args: [--user-data-dir=D:\Eclipse_..., --disable-blink-features=Au..., --no-sandbox, --disable-dev-shm-usage, --disable-gpu], excludeSwitches: [enable-automation], extensions: [], prefs: {autofill.profile_enabled: false}, useAutomationExtension: false}}]}]
at org.openqa.selenium.remote.ProtocolHandshake.createSession(ProtocolHandshake.java:114)
at org.openqa.selenium.remote.ProtocolHandshake.createSession(ProtocolHandshake.java:75)
at org.openqa.selenium.remote.ProtocolHandshake.createSession(ProtocolHandshake.java:61)
at org.openqa.selenium.remote.HttpCommandExecutor.execute(HttpCommandExecutor.java:187)
at org.openqa.selenium.remote.service.DriverCommandExecutor.invokeExecute(DriverCommandExecutor.java:216)
at org.openqa.selenium.remote.service.DriverCommandExecutor.execute(DriverCommandExecutor.java:174)
at org.openqa.selenium.remote.RemoteWebDriver.execute(RemoteWebDriver.java:557)
at org.openqa.selenium.remote.RemoteWebDriver.startSession(RemoteWebDriver.java:246)
at org.openqa.selenium.remote.RemoteWebDriver.<init>(RemoteWebDriver.java:174)
at org.openqa.selenium.chromium.ChromiumDriver.<init>(ChromiumDriver.java:99)
at org.openqa.selenium.chrome.ChromeDriver.<init>(ChromeDriver.java:88)
at org.openqa.selenium.chrome.ChromeDriver.<init>(ChromeDriver.java:83)
at tests.TestBase.startDriver(TestBase.java:77)
... Removed 21 stack frames]]>
    </failure>
  </testcase> <!-- @BeforeSuite startDriver -->
  <testcase classname="tests.ContactsUsTest" name="contactUsPageTest" time="0.0">
    <skipped/>
  </testcase> <!-- contactUsPageTest -->
  <testcase classname="tests.ProductHoverMenuTest" name="productHoverMenuTest" time="0.0">
    <skipped/>
  </testcase> <!-- productHoverMenuTest -->
  <testcase classname="tests.MyAccountTest" name="registerUserSuccessfully" time="0.0">
    <skipped/>
  </testcase> <!-- registerUserSuccessfully -->
  <testcase classname="tests.MyAccountTest" name="registeredUserCanChangePass" time="0.0">
    <skipped/>
  </testcase> <!-- registeredUserCanChangePass -->
  <testcase classname="tests.MyAccountTest" name="registeredUserCanLogOut" time="0.001">
    <skipped/>
  </testcase> <!-- registeredUserCanLogOut -->
  <testcase classname="tests.MyAccountTest" name="registeredUserCanlogin" time="0.001">
    <skipped/>
  </testcase> <!-- registeredUserCanlogin -->
  <testcase classname="tests.RegisteredUserCheckOutProduct" name="registerUserSuccessfully" time="0.0">
    <skipped/>
  </testcase> <!-- registerUserSuccessfully -->
  <testcase classname="tests.UserRegistrationTest" name="registerUserSuccessfully" time="0.0">
    <skipped/>
  </testcase> <!-- registerUserSuccessfully -->
  <testcase classname="tests.UserRegistrationTest" name="registeredUserCanLogOut" time="0.0">
    <skipped/>
  </testcase> <!-- registeredUserCanLogOut -->
  <testcase classname="tests.UserRegistrationTest" name="registeredUserCanlogin" time="0.0">
    <skipped/>
  </testcase> <!-- registeredUserCanlogin -->
  <testcase classname="tests.ChangeCurrencyTest" name="userCanChangeCurrency" time="0.0">
    <skipped/>
  </testcase> <!-- userCanChangeCurrency -->
  <testcase classname="tests.AddProductToCompare" name="userCanCompareProductTest" time="0.0">
    <skipped/>
  </testcase> <!-- userCanCompareProductTest -->
  <testcase classname="tests.AddProductToShoppingCart" name="userCanSearchProductAutoSuggestTest" time="0.0">
    <skipped/>
  </testcase> <!-- userCanSearchProductAutoSuggestTest -->
  <testcase classname="tests.SearchProductTest" name="userCanSearchProductAutoSuggestTest" time="0.0">
    <skipped/>
  </testcase> <!-- userCanSearchProductAutoSuggestTest -->
  <testcase classname="tests.AddProductToShoppingCart" name="userCanAddProductToCart" time="0.0">
    <skipped/>
  </testcase> <!-- userCanAddProductToCart -->
  <testcase classname="tests.AddProductToCompare" name="userCanClearCompareList" time="0.0">
    <skipped/>
  </testcase> <!-- userCanClearCompareList -->
  <testcase classname="tests.ChangeCurrencyTest" name="userCanSearchProductAutoSuggestTest" time="0.0">
    <skipped/>
  </testcase> <!-- userCanSearchProductAutoSuggestTest -->
  <testcase classname="tests.RegisteredUserCheckOutProduct" name="userCanSearchProductAutoSuggestTest" time="0.0">
    <skipped/>
  </testcase> <!-- userCanSearchProductAutoSuggestTest -->
  <testcase classname="tests.SearchProductTest" name="userCanSearchProductTest" time="0.001">
    <skipped/>
  </testcase> <!-- userCanSearchProductTest -->
  <testcase classname="tests.RegisteredUserCheckOutProduct" name="userCanAddProductToCart" time="0.0">
    <skipped/>
  </testcase> <!-- userCanAddProductToCart -->
  <testcase classname="tests.AddProductToShoppingCart" name="userCanRemoveProductFromCart" time="0.0">
    <skipped/>
  </testcase> <!-- userCanRemoveProductFromCart -->
  <testcase classname="tests.RegisteredUserCheckOutProduct" name="userCanCheckOutProduct" time="0.0">
    <skipped/>
  </testcase> <!-- userCanCheckOutProduct -->
  <testcase classname="tests.RegisteredUserCheckOutProduct" name="registeredUserCanLogOut" time="0.0">
    <skipped/>
  </testcase> <!-- registeredUserCanLogOut -->
  <testcase classname="tests.TestBase" name="@BeforeSuite startDriver" time="0.0">
    <ignored/>
  </testcase> <!-- @BeforeSuite startDriver -->
  <testcase classname="tests.TestBase" name="@BeforeSuite startDriver" time="0.0">
    <ignored/>
  </testcase> <!-- @BeforeSuite startDriver -->
  <testcase classname="tests.TestBase" name="@BeforeSuite startDriver" time="0.0">
    <ignored/>
  </testcase> <!-- @BeforeSuite startDriver -->
  <testcase classname="tests.TestBase" name="@BeforeSuite startDriver" time="0.0">
    <ignored/>
  </testcase> <!-- @BeforeSuite startDriver -->
  <testcase classname="tests.TestBase" name="@BeforeSuite startDriver" time="0.0">
    <ignored/>
  </testcase> <!-- @BeforeSuite startDriver -->
  <testcase classname="tests.TestBase" name="@BeforeSuite startDriver" time="0.0">
    <ignored/>
  </testcase> <!-- @BeforeSuite startDriver -->
  <testcase classname="tests.TestBase" name="@BeforeSuite startDriver" time="0.0">
    <ignored/>
  </testcase> <!-- @BeforeSuite startDriver -->
  <testcase classname="tests.TestBase" name="@BeforeSuite startDriver" time="0.0">
    <ignored/>
  </testcase> <!-- @BeforeSuite startDriver -->
</testsuite> <!-- Regression Test -->
